  stdafx.cpp
  ConsoleApplication1.cpp
C:\Users\AKER\OneDrive - Hoppenbrouwers Techniek B.V\Documenten\modbus 2\ConsoleApplication1\ConsoleApplication1\ConsoleApplication1.cpp(86,15): warning C4244: 'initializing': conversion from 'uint64_t' to 'int', possible loss of data
C:\Users\AKER\OneDrive - Hoppenbrouwers Techniek B.V\Documenten\modbus 2\ConsoleApplication1\ConsoleApplication1\ConsoleApplication1.cpp(87,16): warning C4244: 'initializing': conversion from 'uint64_t' to 'int', possible loss of data
C:\Users\AKER\OneDrive - Hoppenbrouwers Techniek B.V\Documenten\modbus 2\ConsoleApplication1\ConsoleApplication1\ConsoleApplication1.cpp(125,14): warning C4244: 'initializing': conversion from 'uint64_t' to 'int', possible loss of data
C:\Users\AKER\OneDrive - Hoppenbrouwers Techniek B.V\Documenten\modbus 2\ConsoleApplication1\ConsoleApplication1\ConsoleApplication1.cpp(126,14): warning C4244: 'initializing': conversion from 'uint64_t' to 'int', possible loss of data
C:\Users\AKER\OneDrive - Hoppenbrouwers Techniek B.V\Documenten\modbus 2\ConsoleApplication1\ConsoleApplication1\ConsoleApplication1.cpp(127,14): warning C4244: 'initializing': conversion from 'uint64_t' to 'int', possible loss of data
C:\Users\AKER\OneDrive - Hoppenbrouwers Techniek B.V\Documenten\modbus 2\ConsoleApplication1\ConsoleApplication1\ConsoleApplication1.cpp(130,15): warning C4244: 'initializing': conversion from '__int64' to 'int', possible loss of data
C:\Users\AKER\OneDrive - Hoppenbrouwers Techniek B.V\Documenten\modbus 2\ConsoleApplication1\ConsoleApplication1\ConsoleApplication1.cpp(131,15): warning C4244: 'initializing': conversion from '__int64' to 'int', possible loss of data
C:\Users\AKER\OneDrive - Hoppenbrouwers Techniek B.V\Documenten\modbus 2\ConsoleApplication1\ConsoleApplication1\ConsoleApplication1.cpp(132,15): warning C4244: 'initializing': conversion from '__int64' to 'int', possible loss of data
C:\Users\AKER\OneDrive - Hoppenbrouwers Techniek B.V\Documenten\modbus 2\ConsoleApplication1\ConsoleApplication1\ConsoleApplication1.cpp(172,17): warning C4244: '=': conversion from 'double' to 'uint16_t', possible loss of data
C:\Users\AKER\OneDrive - Hoppenbrouwers Techniek B.V\Documenten\modbus 2\ConsoleApplication1\ConsoleApplication1\ConsoleApplication1.cpp(173,17): warning C4244: '=': conversion from 'double' to 'uint16_t', possible loss of data
C:\Users\AKER\OneDrive - Hoppenbrouwers Techniek B.V\Documenten\modbus 2\ConsoleApplication1\ConsoleApplication1\ConsoleApplication1.cpp(174,17): warning C4244: '=': conversion from 'double' to 'uint16_t', possible loss of data
  Generating Code...
C:\Program Files\Microsoft Visual Studio\2022\Professional\MSBuild\Microsoft\VC\v170\Microsoft.CppBuild.targets(1402,5): warning MSB8012: TargetPath(C:\Users\AKER\OneDrive - Hoppenbrouwers Techniek B.V\Documenten\modbus 2\ConsoleApplication1\x64\Debug\ConsoleApplication1.exe) does not match the Linker's OutputFile property value (C:\Users\AKER\OneDrive - Hoppenbrouwers Techniek B.V\Documenten\modbus 2\bin\x64\GxChunkData.exe). This may cause your project to build incorrectly. To correct this, please make sure that $(OutDir), $(TargetName) and $(TargetExt) property values match the value specified in %(Link.OutputFile).
C:\Program Files\Microsoft Visual Studio\2022\Professional\MSBuild\Microsoft\VC\v170\Microsoft.CppBuild.targets(1404,5): warning MSB8012: TargetName(ConsoleApplication1) does not match the Linker's OutputFile property value (GxChunkData). This may cause your project to build incorrectly. To correct this, please make sure that $(OutDir), $(TargetName) and $(TargetExt) property values match the value specified in %(Link.OutputFile).
  LINK : ..\..\bin\x64\GxChunkData.exe not found or not built by the last incremental link; performing full link
modbus-data.obj : warning LNK4099: PDB 'vc143.pdb' was not found with 'modbus-data.obj' or at 'C:\Users\AKER\OneDrive - Hoppenbrouwers Techniek B.V\Documenten\modbus 2\ConsoleApplication1\x64\Debug\vc143.pdb'; linking object as if no debug info
modbus-rtu.obj : warning LNK4099: PDB 'vc143.pdb' was not found with 'modbus-rtu.obj' or at 'C:\Users\AKER\OneDrive - Hoppenbrouwers Techniek B.V\Documenten\modbus 2\ConsoleApplication1\x64\Debug\vc143.pdb'; linking object as if no debug info
modbus-tcp.obj : warning LNK4099: PDB 'vc143.pdb' was not found with 'modbus-tcp.obj' or at 'C:\Users\AKER\OneDrive - Hoppenbrouwers Techniek B.V\Documenten\modbus 2\ConsoleApplication1\x64\Debug\vc143.pdb'; linking object as if no debug info
modbus.obj : warning LNK4099: PDB 'vc143.pdb' was not found with 'modbus.obj' or at 'C:\Users\AKER\OneDrive - Hoppenbrouwers Techniek B.V\Documenten\modbus 2\ConsoleApplication1\x64\Debug\vc143.pdb'; linking object as if no debug info
     Creating library C:\Users\AKER\OneDrive - Hoppenbrouwers Techniek B.V\Documenten\modbus 2\ConsoleApplication1\x64\Debug\ConsoleApplication1.lib and object C:\Users\AKER\OneDrive - Hoppenbrouwers Techniek B.V\Documenten\modbus 2\ConsoleApplication1\x64\Debug\ConsoleApplication1.exp
LINK : warning LNK4217: symbol 'modbus_connect' defined in 'modbus.obj' is imported by 'ConsoleApplication1.obj' in function '"unsigned long __cdecl GrabImgThread(void *)" (?GrabImgThread@@YAKPEAX@Z)'
LINK : warning LNK4217: symbol 'modbus_free' defined in 'modbus.obj' is imported by 'ConsoleApplication1.obj' in function '"unsigned long __cdecl GrabImgThread(void *)" (?GrabImgThread@@YAKPEAX@Z)'
LINK : warning LNK4286: symbol 'modbus_free' defined in 'modbus.obj' is imported by 'modbus-rtu.obj'
LINK : warning LNK4286: symbol 'modbus_free' defined in 'modbus.obj' is imported by 'modbus-tcp.obj'
LINK : warning LNK4217: symbol 'modbus_strerror' defined in 'modbus.obj' is imported by 'ConsoleApplication1.obj' in function '"unsigned long __cdecl GrabImgThread(void *)" (?GrabImgThread@@YAKPEAX@Z)'
LINK : warning LNK4217: symbol 'modbus_write_registers' defined in 'modbus.obj' is imported by 'ConsoleApplication1.obj' in function '"unsigned long __cdecl GrabImgThread(void *)" (?GrabImgThread@@YAKPEAX@Z)'
LINK : warning LNK4217: symbol 'modbus_new_tcp' defined in 'modbus-tcp.obj' is imported by 'ConsoleApplication1.obj' in function '"unsigned long __cdecl GrabImgThread(void *)" (?GrabImgThread@@YAKPEAX@Z)'
LINK : warning LNK4217: symbol 'modbus_set_bits_from_bytes' defined in 'modbus-data.obj' is imported by 'modbus.obj' in function 'modbus_reply'
  ConsoleApplication1.vcxproj -> C:\Users\AKER\OneDrive - Hoppenbrouwers Techniek B.V\Documenten\modbus 2\ConsoleApplication1\x64\Debug\ConsoleApplication1.exe
